#
# A fatal error has been detected by the Java Runtime Environment:
#
#  SIGSEGV (0xb) at pc=0x00007fcbeecf6ac6, pid=1345, tid=1382
#
# JRE version: OpenJDK Runtime Environment (11.0.21+9) (build 11.0.21+9-post-Ubuntu-0ubuntu122.04)
# Java VM: OpenJDK 64-Bit Server VM (11.0.21+9-post-Ubuntu-0ubuntu122.04, mixed mode, sharing, tiered, compressed oops, g1 gc, linux-amd64)
# Problematic frame:
# C  [libnvwgf2umx.so+0x2ca0ac6]
#
# No core dump will be written. Core dumps have been disabled. To enable core dumping, try "ulimit -c unlimited" before starting Java again
#
# If you would like to submit a bug report, please visit:
#   https://bugs.launchpad.net/ubuntu/+source/openjdk-lts
#

---------------  S U M M A R Y ------------

Command Line: --module-path=/mnt/c/CSCE315/project2/pstudio33/front_end/target/classes:/home/etvan13/.m2/repository/org/openjfx/javafx-controls/13/javafx-controls-13-linux.jar:/home/etvan13/.m2/repository/org/openjfx/javafx-graphics/13/javafx-graphics-13-linux.jar:/home/etvan13/.m2/repository/org/openjfx/javafx-base/13/javafx-base-13-linux.jar:/home/etvan13/.m2/repository/org/openjfx/javafx-fxml/13/javafx-fxml-13-linux.jar -Djdk.module.main=app app/app.Main

Host: Intel(R) Core(TM) i7-10870H CPU @ 2.20GHz, 16 cores, 7G, Ubuntu 22.04.1 LTS
Time: Mon Feb 26 11:36:57 2024 CST elapsed time: 1.181893 seconds (0d 0h 0m 1s)

---------------  T H R E A D  ---------------

Current thread is native thread

Stack: [0x00007fcbfdbe2000,0x00007fcbfe3e2000],  sp=0x00007fcbfe3e0da0,  free space=8187k
Native frames: (J=compiled Java code, A=aot compiled Java code, j=interpreted, Vv=VM code, C=native code)
C  [libnvwgf2umx.so+0x2ca0ac6]


siginfo: si_signo: 11 (SIGSEGV), si_code: 1 (SEGV_MAPERR), si_addr: 0x00007fcc24132000

Register to memory mapping:

RAX=
[error occurred during error reporting (printing register info), id 0xb, SIGSEGV (0xb) at pc=0x00007fcc8691e6cc]

Registers:
RAX=0x0000000000000028, RBX=0x00007fcbf820cc80, RCX=0x00007fcbf820ed01, RDX=0x00007fcbfe3e0db0
RSP=0x00007fcbfe3e0da0, RBP=0x0000000000000000, RSI=0x00007fcbf820cc80, RDI=0x00007fcbf818eac0
R8 =0x00007fcbf818eac0, R9 =0x00007ffedbdfa080, R10=0x00007fcbfe3e0d90, R11=0xb185a86684c72c9b
R12=0x00007fcbfe3e0e07, R13=0x0000000000000000, R14=0x00007fcc24132000, R15=0x0000000000000000
RIP=0x00007fcbeecf6ac6, EFLAGS=0x0000000000010246, CSGSFS=0x002b000000000033, ERR=0x0000000000000004
  TRAPNO=0x000000000000000e

Top of Stack: (sp=0x00007fcbfe3e0da0)
